#
# There is insufficient memory for the Java Runtime Environment to continue.
# Native memory allocation (malloc) failed to allocate 928336 bytes for Chunk::new
# Possible reasons:
#   The system is out of physical RAM or swap space
#   In 32 bit mode, the process size limit was hit
# Possible solutions:
#   Reduce memory load on the system
#   Increase physical memory or swap space
#   Check if swap backing store is full
#   Use 64 bit Java on a 64 bit OS
#   Decrease Java heap size (-Xmx/-Xms)
#   Decrease number of Java threads
#   Decrease Java thread stack sizes (-Xss)
#   Set larger code cache with -XX:ReservedCodeCacheSize=
# This output file may be truncated or incomplete.
#
#  Out of Memory Error (allocation.cpp:390), pid=26124, tid=0x000000000000696c
#
# JRE version: OpenJDK Runtime Environment (8.0_152-b06) (build 1.8.0_152-release-1136-b06)
# Java VM: OpenJDK 64-Bit Server VM (25.152-b06 mixed mode windows-amd64 compressed oops)
# Failed to write core dump. Minidumps are not enabled by default on client versions of Windows
#

---------------  T H R E A D  ---------------

Current thread (0x000000001794c800):  JavaThread "C2 CompilerThread2" daemon [_thread_in_native, id=26988, stack(0x0000000018300000,0x0000000018400000)]

Stack: [0x0000000018300000,0x0000000018400000]
[error occurred during error reporting (printing stack bounds), id 0xc0000005]

Native frames: (J=compiled Java code, j=interpreted, Vv=VM code, C=native code)


Current CompileTask:
C2:  62255 11929       4       com.android.tools.r8.graph.DexClass::forEachMethod (75 bytes)


---------------  P R O C E S S  ---------------

Java Threads: ( => current thread )
  0x000000001bdf9800 JavaThread "ForkJoinPool-1-worker-0" daemon [_thread_in_vm, id=8804, stack(0x00000000299f0000,0x0000000029af0000)]
  0x000000001bdf8000 JavaThread "ForkJoinPool-1-worker-3" daemon [_thread_blocked, id=18336, stack(0x00000000298f0000,0x00000000299f0000)]
  0x000000001bdf9000 JavaThread "ForkJoinPool-1-worker-2" daemon [_thread_blocked, id=26876, stack(0x00000000297f0000,0x00000000298f0000)]
  0x000000001bded800 JavaThread "ForkJoinPool-1-worker-1" daemon [_thread_blocked, id=10956, stack(0x00000000296f0000,0x00000000297f0000)]
  0x000000001e1bd800 JavaThread "ForkJoinPool.commonPool-worker-7" daemon [_thread_blocked, id=20184, stack(0x0000000028bf0000,0x0000000028cf0000)]
  0x000000001e1ba800 JavaThread "ForkJoinPool.commonPool-worker-6" daemon [_thread_blocked, id=27884, stack(0x0000000028af0000,0x0000000028bf0000)]
  0x000000001e1bb000 JavaThread "ForkJoinPool.commonPool-worker-4" daemon [_thread_blocked, id=32220, stack(0x00000000288f0000,0x00000000289f0000)]
  0x000000001e1b9000 JavaThread "ForkJoinPool.commonPool-worker-3" daemon [_thread_blocked, id=12164, stack(0x00000000287f0000,0x00000000288f0000)]
  0x000000001e1b6800 JavaThread "ForkJoinPool.commonPool-worker-2" daemon [_thread_blocked, id=11664, stack(0x00000000286f0000,0x00000000287f0000)]
  0x000000001e1bc800 JavaThread "ForkJoinPool.commonPool-worker-1" daemon [_thread_blocked, id=28320, stack(0x00000000285f0000,0x00000000286f0000)]
  0x000000001e1b8000 JavaThread "Cache worker for Java compile cache (C:\Users\harrison_truscott\OneDrive - Cary Academy\Documents\GitHub\Ftc_App_12010_2018-19\.gradle\4.4\javaCompile)" [_thread_blocked, id=26188, stack(0x00000000284f0000,0x00000000285f0000)]
  0x000000001bded000 JavaThread "Task worker for ':' Thread 7" [_thread_blocked, id=17840, stack(0x0000000024df0000,0x0000000024ef0000)]
  0x000000001bdf3000 JavaThread "Task worker for ':' Thread 6" [_thread_blocked, id=31220, stack(0x0000000024cf0000,0x0000000024df0000)]
  0x000000001bdf3800 JavaThread "Task worker for ':' Thread 5" [_thread_blocked, id=29540, stack(0x0000000024bf0000,0x0000000024cf0000)]
  0x000000001bdf1800 JavaThread "Task worker for ':' Thread 4" [_thread_blocked, id=19288, stack(0x0000000024af0000,0x0000000024bf0000)]
  0x000000001bdef000 JavaThread "Task worker for ':' Thread 3" [_thread_blocked, id=26808, stack(0x00000000249f0000,0x0000000024af0000)]
  0x000000001bdee800 JavaThread "Task worker for ':' Thread 2" [_thread_blocked, id=30440, stack(0x00000000248f0000,0x00000000249f0000)]
  0x000000001bdf2000 JavaThread "Task worker for ':'" [_thread_blocked, id=21028, stack(0x00000000247f0000,0x00000000248f0000)]
  0x0000000018dfe000 JavaThread "Cache worker for Build Output Cleanup Cache (C:\Users\harrison_truscott\OneDrive - Cary Academy\Documents\GitHub\Ftc_App_12010_2018-19\.gradle\buildOutputCleanup)" [_thread_blocked, id=9788, stack(0x0000000022690000,0x0000000022790000)]
  0x0000000018dfd800 JavaThread "Cache worker for task history cache (C:\Users\harrison_truscott\OneDrive - Cary Academy\Documents\GitHub\Ftc_App_12010_2018-19\.gradle\4.4\taskHistory)" [_thread_blocked, id=22616, stack(0x0000000022590000,0x0000000022690000)]
  0x0000000018df5000 JavaThread "Cache worker for file content cache (C:\Users\harrison_truscott\OneDrive - Cary Academy\Documents\GitHub\Ftc_App_12010_2018-19\.gradle\4.4\fileContent)" [_thread_blocked, id=28868, stack(0x0000000022290000,0x0000000022390000)]
  0x0000000018df2000 JavaThread "Memory manager" [_thread_blocked, id=30672, stack(0x0000000021390000,0x0000000021490000)]
  0x0000000018df9000 JavaThread "pool-1-thread-1" [_thread_blocked, id=30624, stack(0x0000000021090000,0x0000000021190000)]
  0x0000000018df4800 JavaThread "build operations Thread 8" [_thread_blocked, id=8680, stack(0x0000000020b90000,0x0000000020c90000)]
  0x0000000018df8000 JavaThread "build operations Thread 7" [_thread_blocked, id=24284, stack(0x0000000020a90000,0x0000000020b90000)]
  0x0000000018df3800 JavaThread "build operations Thread 6" [_thread_blocked, id=28652, stack(0x0000000020990000,0x0000000020a90000)]
  0x0000000018df0800 JavaThread "build operations Thread 5" [_thread_blocked, id=29448, stack(0x0000000020890000,0x0000000020990000)]
  0x0000000018df0000 JavaThread "build operations Thread 4" [_thread_blocked, id=27920, stack(0x0000000020790000,0x0000000020890000)]
  0x0000000018df6800 JavaThread "build operations Thread 3" [_thread_blocked, id=21852, stack(0x0000000020690000,0x0000000020790000)]
  0x0000000018df6000 JavaThread "build operations Thread 2" [_thread_blocked, id=1620, stack(0x0000000020590000,0x0000000020690000)]
  0x000000001794a000 JavaThread "build operations" [_thread_blocked, id=18880, stack(0x00000000201d0000,0x00000000202d0000)]
  0x000000001794d000 JavaThread "Cache worker for Artifact transforms cache (C:\Users\harrison_truscott\.gradle\caches\transforms-1)" [_thread_blocked, id=28152, stack(0x000000001ff90000,0x0000000020090000)]
  0x0000000019e45800 JavaThread "Cache worker for file hash cache (C:\Users\harrison_truscott\OneDrive - Cary Academy\Documents\GitHub\Ftc_App_12010_2018-19\.gradle\4.4\fileHashes)" [_thread_blocked, id=11932, stack(0x000000001c460000,0x000000001c560000)]
  0x0000000019ae2800 JavaThread "File lock request listener" [_thread_in_native, id=19268, stack(0x000000001b390000,0x000000001b490000)]
  0x0000000017a7c800 JavaThread "Cache worker for file hash cache (C:\Users\harrison_truscott\.gradle\caches\4.4\fileHashes)" [_thread_blocked, id=33000, stack(0x000000001b290000,0x000000001b390000)]
  0x0000000019888000 JavaThread "Stdin handler" [_thread_blocked, id=27400, stack(0x000000001ae90000,0x000000001af90000)]
  0x0000000019885800 JavaThread "Asynchronous log dispatcher for DefaultDaemonConnection: socket connection from /127.0.0.1:51305 to /127.0.0.1:51306" [_thread_blocked, id=31556, stack(0x000000001ad90000,0x000000001ae90000)]
  0x00000000198a3000 JavaThread "Daemon worker" [_thread_blocked, id=28772, stack(0x000000001ac90000,0x000000001ad90000)]
  0x000000001988a000 JavaThread "Cancel handler" [_thread_blocked, id=17544, stack(0x000000001ab90000,0x000000001ac90000)]
  0x00000000197ed000 JavaThread "Handler for socket connection from /127.0.0.1:51305 to /127.0.0.1:51306" [_thread_in_native, id=15628, stack(0x000000001a890000,0x000000001a990000)]
  0x00000000197ea000 JavaThread "Daemon" [_thread_blocked, id=26476, stack(0x000000001a790000,0x000000001a890000)]
  0x00000000197ba800 JavaThread "Daemon periodic checks" [_thread_blocked, id=26348, stack(0x000000001a690000,0x000000001a790000)]
  0x00000000197b9800 JavaThread "Incoming local TCP Connector on port 51305" [_thread_in_native, id=22932, stack(0x000000001a450000,0x000000001a550000)]
  0x00000000179d3000 JavaThread "Service Thread" daemon [_thread_blocked, id=28604, stack(0x0000000018500000,0x0000000018600000)]
  0x000000001794e000 JavaThread "C1 CompilerThread3" daemon [_thread_blocked, id=23656, stack(0x0000000018400000,0x0000000018500000)]
=>0x000000001794c800 JavaThread "C2 CompilerThread2" daemon [_thread_in_native, id=26988, stack(0x0000000018300000,0x0000000018400000)]
  0x0000000017941000 JavaThread "C2 CompilerThread1" daemon [_thread_in_native, id=13360, stack(0x0000000018200000,0x0000000018300000)]
  0x000000001793e000 JavaThread "C2 CompilerThread0" daemon [_thread_in_native, id=29624, stack(0x0000000018100000,0x0000000018200000)]
  0x000000001793c800 JavaThread "Attach Listener" daemon [_thread_blocked, id=21260, stack(0x0000000018000000,0x0000000018100000)]
  0x000000001793b800 JavaThread "Signal Dispatcher" daemon [_thread_blocked, id=33656, stack(0x0000000017f00000,0x0000000018000000)]
  0x0000000002f0e800 JavaThread "Finalizer" daemon [_thread_blocked, id=4976, stack(0x0000000017d10000,0x0000000017e10000)]
  0x0000000002f05000 JavaThread "Reference Handler" daemon [_thread_blocked, id=22280, stack(0x0000000017810000,0x0000000017910000)]
  0x0000000002dae800 JavaThread "main" [_thread_blocked, id=17748, stack(0x0000000002c60000,0x0000000002d60000)]

Other Threads:
  0x0000000015a27800 VMThread [stack: 0x0000000017710000,0x0000000017810000] [id=26056]
  0x00000000179d4000 WatcherThread [stack: 0x0000000018600000,0x0000000018700000] [id=10304]

VM state:not at safepoint (normal execution)

VM Mutex/Monitor currently owned by a thread: None

Heap:
 PSYoungGen      total 293888K, used 34898K [0x00000000eab00000, 0x0000000100000000, 0x0000000100000000)
  eden space 267776K, 4% used [0x00000000eab00000,0x00000000eb5a9d48,0x00000000fb080000)
  from space 26112K, 91% used [0x00000000fb080000,0x00000000fc7eaea8,0x00000000fca00000)
  to   space 54272K, 0% used [0x00000000fcb00000,0x00000000fcb00000,0x0000000100000000)
 ParOldGen       total 217600K, used 103504K [0x00000000c0000000, 0x00000000cd480000, 0x00000000eab00000)
  object space 217600K, 47% used [0x00000000c0000000,0x00000000c65143b0,0x00000000cd480000)
 Metaspace       used 71367K, capacity 74208K, committed 75992K, reserved 1114112K
  class space    used 9448K, capacity 10052K, committed 10496K, reserved 1048576K

Card table byte_map: [0x00000000122d0000,0x00000000124e0000] byte_map_base: 0x0000000011cd0000

Marking Bits: (ParMarkBitMap*) 0x0000000053a75aa0
 Begin Bits: [0x0000000012e40000, 0x0000000013e40000)
 End Bits:   [0x0000000013e40000, 0x0000000014e40000)

Polling page: 0x0000000002d60000

CodeCache: size=245760Kb used=33335Kb max_used=33360Kb free=212424Kb
 bounds [0x0000000002f10000, 0x0000000004fd0000, 0x0000000011f10000]
 total_blobs=10976 nmethods=10157 adapters=731
 compilation: enabled

Compilation events (10 events):
Event: 61.834 Thread 0x000000001794e000 11935       3       java.util.TimSort::gallopRight (335 bytes)
Event: 61.910 Thread 0x000000001794e000 nmethod 11935 0x0000000004faaa50 code [0x0000000004faac40, 0x0000000004fab738]
Event: 61.910 Thread 0x000000001794e000 11932       3       java.util.TimSort::mergeAt (358 bytes)
Event: 61.943 Thread 0x000000001794e000 nmethod 11932 0x0000000004bd2b50 code [0x0000000004bd2d20, 0x0000000004bd32d8]
Event: 61.948 Thread 0x000000001794e000 11939       2       java.util.TimSort::pushRun (31 bytes)
Event: 61.949 Thread 0x000000001794e000 nmethod 11939 0x0000000004bd2610 code [0x0000000004bd2780, 0x0000000004bd2930]
Event: 61.949 Thread 0x000000001794e000 11940       3       java.util.TimSort::sort (229 bytes)
Event: 61.952 Thread 0x000000001794e000 nmethod 11940 0x0000000004fa9c50 code [0x0000000004fa9e40, 0x0000000004faa538]
Event: 62.024 Thread 0x000000001794e000 11941       3       java.util.TimSort::mergeCollapse (101 bytes)
Event: 62.025 Thread 0x000000001794e000 nmethod 11941 0x0000000004fa2890 code [0x0000000004fa2a20, 0x0000000004fa2e38]

GC Heap History (10 events):
Event: 38.509 GC heap before
{Heap before GC invocations=15 (full 2):
 PSYoungGen      total 202240K, used 43054K [0x00000000eab00000, 0x00000000f8f00000, 0x0000000100000000)
  eden space 186368K, 14% used [0x00000000eab00000,0x00000000ec591048,0x00000000f6100000)
  from space 15872K, 99% used [0x00000000f7680000,0x00000000f85fab80,0x00000000f8600000)
  to   space 22016K, 0% used [0x00000000f6100000,0x00000000f6100000,0x00000000f7680000)
 ParOldGen       total 66048K, used 30243K [0x00000000c0000000, 0x00000000c4080000, 0x00000000eab00000)
  object space 66048K, 45% used [0x00000000c0000000,0x00000000c1d88fa0,0x00000000c4080000)
 Metaspace       used 56667K, capacity 58766K, committed 58968K, reserved 1099776K
  class space    used 7681K, capacity 8207K, committed 8320K, reserved 1048576K
Event: 38.523 GC heap after
Heap after GC invocations=15 (full 2):
 PSYoungGen      total 208384K, used 747K [0x00000000eab00000, 0x00000000fe380000, 0x0000000100000000)
  eden space 186368K, 0% used [0x00000000eab00000,0x00000000eab00000,0x00000000f6100000)
  from space 22016K, 3% used [0x00000000f6100000,0x00000000f61bafa8,0x00000000f7680000)
  to   space 22016K, 0% used [0x00000000fce00000,0x00000000fce00000,0x00000000fe380000)
 ParOldGen       total 66048K, used 42632K [0x00000000c0000000, 0x00000000c4080000, 0x00000000eab00000)
  object space 66048K, 64% used [0x00000000c0000000,0x00000000c29a21a0,0x00000000c4080000)
 Metaspace       used 56667K, capacity 58766K, committed 58968K, reserved 1099776K
  class space    used 7681K, capacity 8207K, committed 8320K, reserved 1048576K
}
Event: 38.523 GC heap before
{Heap before GC invocations=16 (full 3):
 PSYoungGen      total 208384K, used 747K [0x00000000eab00000, 0x00000000fe380000, 0x0000000100000000)
  eden space 186368K, 0% used [0x00000000eab00000,0x00000000eab00000,0x00000000f6100000)
  from space 22016K, 3% used [0x00000000f6100000,0x00000000f61bafa8,0x00000000f7680000)
  to   space 22016K, 0% used [0x00000000fce00000,0x00000000fce00000,0x00000000fe380000)
 ParOldGen       total 66048K, used 42632K [0x00000000c0000000, 0x00000000c4080000, 0x00000000eab00000)
  object space 66048K, 64% used [0x00000000c0000000,0x00000000c29a21a0,0x00000000c4080000)
 Metaspace       used 56667K, capacity 58766K, committed 58968K, reserved 1099776K
  class space    used 7681K, capacity 8207K, committed 8320K, reserved 1048576K
Event: 39.082 GC heap after
Heap after GC invocations=16 (full 3):
 PSYoungGen      total 208384K, used 0K [0x00000000eab00000, 0x00000000fe380000, 0x0000000100000000)
  eden space 186368K, 0% used [0x00000000eab00000,0x00000000eab00000,0x00000000f6100000)
  from space 22016K, 0% used [0x00000000f6100000,0x00000000f6100000,0x00000000f7680000)
  to   space 22016K, 0% used [0x00000000fce00000,0x00000000fce00000,0x00000000fe380000)
 ParOldGen       total 109056K, used 38198K [0x00000000c0000000, 0x00000000c6a80000, 0x00000000eab00000)
  object space 109056K, 35% used [0x00000000c0000000,0x00000000c254db80,0x00000000c6a80000)
 Metaspace       used 56667K, capacity 58766K, committed 58968K, reserved 1099776K
  class space    used 7681K, capacity 8207K, committed 8320K, reserved 1048576K
}
Event: 51.519 GC heap before
{Heap before GC invocations=17 (full 3):
 PSYoungGen      total 208384K, used 186368K [0x00000000eab00000, 0x00000000fe380000, 0x0000000100000000)
  eden space 186368K, 100% used [0x00000000eab00000,0x00000000f6100000,0x00000000f6100000)
  from space 22016K, 0% used [0x00000000f6100000,0x00000000f6100000,0x00000000f7680000)
  to   space 22016K, 0% used [0x00000000fce00000,0x00000000fce00000,0x00000000fe380000)
 ParOldGen       total 109056K, used 38198K [0x00000000c0000000, 0x00000000c6a80000, 0x00000000eab00000)
  object space 109056K, 35% used [0x00000000c0000000,0x00000000c254db80,0x00000000c6a80000)
 Metaspace       used 69688K, capacity 72932K, committed 73048K, reserved 1112064K
  class space    used 9360K, capacity 10082K, committed 10112K, reserved 1048576K
Event: 51.551 GC heap after
Heap after GC invocations=17 (full 3):
 PSYoungGen      total 278528K, used 21985K [0x00000000eab00000, 0x00000000fe380000, 0x0000000100000000)
  eden space 256512K, 0% used [0x00000000eab00000,0x00000000eab00000,0x00000000fa580000)
  from space 22016K, 99% used [0x00000000fce00000,0x00000000fe378578,0x00000000fe380000)
  to   space 26112K, 0% used [0x00000000fb080000,0x00000000fb080000,0x00000000fca00000)
 ParOldGen       total 109056K, used 38753K [0x00000000c0000000, 0x00000000c6a80000, 0x00000000eab00000)
  object space 109056K, 35% used [0x00000000c0000000,0x00000000c25d8700,0x00000000c6a80000)
 Metaspace       used 69688K, capacity 72932K, committed 73048K, reserved 1112064K
  class space    used 9360K, capacity 10082K, committed 10112K, reserved 1048576K
}
Event: 57.808 GC heap before
{Heap before GC invocations=18 (full 3):
 PSYoungGen      total 278528K, used 278497K [0x00000000eab00000, 0x00000000fe380000, 0x0000000100000000)
  eden space 256512K, 100% used [0x00000000eab00000,0x00000000fa580000,0x00000000fa580000)
  from space 22016K, 99% used [0x00000000fce00000,0x00000000fe378578,0x00000000fe380000)
  to   space 26112K, 0% used [0x00000000fb080000,0x00000000fb080000,0x00000000fca00000)
 ParOldGen       total 109056K, used 38753K [0x00000000c0000000, 0x00000000c6a80000, 0x00000000eab00000)
  object space 109056K, 35% used [0x00000000c0000000,0x00000000c25d8700,0x00000000c6a80000)
 Metaspace       used 72158K, capacity 75878K, committed 75992K, reserved 1114112K
  class space    used 9659K, capacity 10429K, committed 10496K, reserved 1048576K
Event: 58.080 GC heap after
Heap after GC invocations=18 (full 3):
 PSYoungGen      total 293888K, used 26101K [0x00000000eab00000, 0x0000000100000000, 0x0000000100000000)
  eden space 267776K, 0% used [0x00000000eab00000,0x00000000eab00000,0x00000000fb080000)
  from space 26112K, 99% used [0x00000000fb080000,0x00000000fc9fd770,0x00000000fca00000)
  to   space 54272K, 0% used [0x00000000fcb00000,0x00000000fcb00000,0x0000000100000000)
 ParOldGen       total 109056K, used 103359K [0x00000000c0000000, 0x00000000c6a80000, 0x00000000eab00000)
  object space 109056K, 94% used [0x00000000c0000000,0x00000000c64efc68,0x00000000c6a80000)
 Metaspace       used 72158K, capacity 75878K, committed 75992K, reserved 1114112K
  class space    used 9659K, capacity 10429K, committed 10496K, reserved 1048576K
}
Event: 58.080 GC heap before
{Heap before GC invocations=19 (full 4):
 PSYoungGen      total 293888K, used 26101K [0x00000000eab00000, 0x0000000100000000, 0x0000000100000000)
  eden space 267776K, 0% used [0x00000000eab00000,0x00000000eab00000,0x00000000fb080000)
  from space 26112K, 99% used [0x00000000fb080000,0x00000000fc9fd770,0x00000000fca00000)
  to   space 54272K, 0% used [0x00000000fcb00000,0x00000000fcb00000,0x0000000100000000)
 ParOldGen       total 109056K, used 103359K [0x00000000c0000000, 0x00000000c6a80000, 0x00000000eab00000)
  object space 109056K, 94% used [0x00000000c0000000,0x00000000c64efc68,0x00000000c6a80000)
 Metaspace       used 72158K, capacity 75878K, committed 75992K, reserved 1114112K
  class space    used 9659K, capacity 10429K, committed 10496K, reserved 1048576K
Event: 61.662 GC heap after
Heap after GC invocations=19 (full 4):
 PSYoungGen      total 293888K, used 23979K [0x00000000eab00000, 0x0000000100000000, 0x0000000100000000)
  eden space 267776K, 0% used [0x00000000eab00000,0x00000000eab00000,0x00000000fb080000)
  from space 26112K, 91% used [0x00000000fb080000,0x00000000fc7eaea8,0x00000000fca00000)
  to   space 54272K, 0% used [0x00000000fcb00000,0x00000000fcb00000,0x0000000100000000)
 ParOldGen       total 217600K, used 103504K [0x00000000c0000000, 0x00000000cd480000, 0x00000000eab00000)
  object space 217600K, 47% used [0x00000000c0000000,0x00000000c65143b0,0x00000000cd480000)
 Metaspace       used 71366K, capacity 74208K, committed 75992K, reserved 1114112K
  class space    used 9448K, capacity 10052K, committed 10496K, reserved 1048576K
}

Deoptimization events (10 events):
Event: 61.782 Thread 0x000000001bdf9800 Uncommon trap: reason=array_check action=maybe_recompile pc=0x0000000004eee08c method=java.util.TimSort.mergeLo(IIII)V @ 81
Event: 61.782 Thread 0x000000001bdf9800 Uncommon trap: reason=array_check action=maybe_recompile pc=0x0000000004eee08c method=java.util.TimSort.mergeLo(IIII)V @ 81
Event: 61.782 Thread 0x000000001bdf9800 Uncommon trap: reason=unstable_if action=reinterpret pc=0x0000000004debf7c method=java.util.TimSort.mergeAt(I)V @ 268
Event: 61.783 Thread 0x000000001bdf9800 Uncommon trap: reason=array_check action=maybe_recompile pc=0x0000000004e27054 method=java.util.TimSort.reverseRange([Ljava/lang/Object;II)V @ 27
Event: 61.783 Thread 0x000000001bdf9800 Uncommon trap: reason=array_check action=maybe_recompile pc=0x0000000004e27054 method=java.util.TimSort.reverseRange([Ljava/lang/Object;II)V @ 27
Event: 61.783 Thread 0x000000001bdf9800 Uncommon trap: reason=array_check action=maybe_recompile pc=0x0000000004eee08c method=java.util.TimSort.mergeLo(IIII)V @ 81
Event: 61.783 Thread 0x000000001bdf9800 Uncommon trap: reason=array_check action=maybe_recompile pc=0x0000000004eee08c method=java.util.TimSort.mergeLo(IIII)V @ 81
Event: 61.900 Thread 0x000000001bdf9800 Uncommon trap: reason=array_check action=maybe_recompile pc=0x0000000004dcb3fc method=java.util.TimSort.mergeLo(IIII)V @ 245
Event: 61.997 Thread 0x000000001bdf9800 Uncommon trap: reason=array_check action=maybe_recompile pc=0x0000000004dcb3fc method=java.util.TimSort.mergeLo(IIII)V @ 245
Event: 62.021 Thread 0x000000001bdf9800 Uncommon trap: reason=unstable_if action=reinterpret pc=0x0000000004dc8b2c method=java.util.TimSort.mergeCollapse()V @ 61

Classes redefined (0 events):
No events

Internal exceptions (10 events):
Event: 51.823 Thread 0x000000001e1c0800 Exception <a 'sun/nio/fs/WindowsException'> (0x00000000eb9bc098) thrown at [D:\src\AOSP-openjdk-cygwin\jdk8u\hotspot\src\share\vm\prims\jni.cpp, line 709]
Event: 51.825 Thread 0x000000001e1c3800 Exception <a 'sun/nio/fs/WindowsException'> (0x00000000eb9cc5d8) thrown at [D:\src\AOSP-openjdk-cygwin\jdk8u\hotspot\src\share\vm\prims\jni.cpp, line 709]
Event: 51.829 Thread 0x000000001e1be000 Exception <a 'sun/nio/fs/WindowsException'> (0x00000000eb943bc8) thrown at [D:\src\AOSP-openjdk-cygwin\jdk8u\hotspot\src\share\vm\prims\jni.cpp, line 709]
Event: 51.830 Thread 0x000000001e1c5800 Exception <a 'sun/nio/fs/WindowsException'> (0x00000000ebcd0368) thrown at [D:\src\AOSP-openjdk-cygwin\jdk8u\hotspot\src\share\vm\prims\jni.cpp, line 709]
Event: 51.849 Thread 0x000000001e1c2000 Exception <a 'sun/nio/fs/WindowsException'> (0x00000000ebad0f88) thrown at [D:\src\AOSP-openjdk-cygwin\jdk8u\hotspot\src\share\vm\prims\jni.cpp, line 709]
Event: 51.866 Thread 0x000000001e1c2000 Exception <a 'sun/nio/fs/WindowsException'> (0x00000000ebadaf20) thrown at [D:\src\AOSP-openjdk-cygwin\jdk8u\hotspot\src\share\vm\prims\jni.cpp, line 709]
Event: 51.868 Thread 0x000000001e1c5800 Exception <a 'sun/nio/fs/WindowsException'> (0x00000000ebce57e8) thrown at [D:\src\AOSP-openjdk-cygwin\jdk8u\hotspot\src\share\vm\prims\jni.cpp, line 709]
Event: 53.957 Thread 0x000000001e1b6800 Exception <a 'sun/nio/fs/WindowsException'> (0x00000000ed3daaf8) thrown at [D:\src\AOSP-openjdk-cygwin\jdk8u\hotspot\src\share\vm\prims\jni.cpp, line 709]
Event: 54.310 Thread 0x000000001bdf9000 Implicit null exception at 0x0000000003ba0baf to 0x0000000003ba0c9d
Event: 57.289 Thread 0x000000001bdf9800 Implicit null exception at 0x000000000471e00f to 0x000000000471e171

Events (10 events):
Event: 61.900 Thread 0x000000001bdf9800 DEOPT PACKING pc=0x0000000004dcb3fc sp=0x0000000029aeeeb0
Event: 61.900 Thread 0x000000001bdf9800 DEOPT UNPACKING pc=0x0000000002f5557b sp=0x0000000029aeeec0 mode 2
Event: 61.997 Thread 0x000000001bdf9800 Uncommon trap: trap_request=0xffffffd6 fr.pc=0x0000000004dcb3fc
Event: 61.997 Thread 0x000000001bdf9800 DEOPT PACKING pc=0x0000000004dcb3fc sp=0x0000000029aeef00
Event: 61.997 Thread 0x000000001bdf9800 DEOPT UNPACKING pc=0x0000000002f5557b sp=0x0000000029aeeee8 mode 2
Event: 62.021 Thread 0x000000001bdf9800 Uncommon trap: trap_request=0xffffff65 fr.pc=0x0000000004dc8b2c
Event: 62.021 Thread 0x000000001bdf9800 DEOPT PACKING pc=0x0000000004dc8b2c sp=0x0000000029aef060
Event: 62.021 Thread 0x000000001bdf9800 DEOPT UNPACKING pc=0x0000000002f5557b sp=0x0000000029aef008 mode 2
Event: 62.084 Thread 0x000000001bdf9800 DEOPT PACKING pc=0x0000000004edac06 sp=0x0000000029aeeed0
Event: 62.084 Thread 0x000000001bdf9800 DEOPT UNPACKING pc=0x0000000002f575d0 sp=0x0000000029aeec48 mode 0


Dynamic libraries:
0x00007ff75aca0000 - 0x00007ff75acd1000 	C:\Program Files\Android\Android Studio\jre\bin\java.exe
0x00007fff80260000 - 0x00007fff80441000 	C:\windows\SYSTEM32\ntdll.dll
0x00007fff7f6c0000 - 0x00007fff7f772000 	C:\windows\System32\KERNEL32.DLL
0x00007fff7cee0000 - 0x00007fff7d153000 	C:\windows\System32\KERNELBASE.dll
0x00007fff7f7b0000 - 0x00007fff7f851000 	C:\windows\System32\ADVAPI32.dll
0x00007fff7f860000 - 0x00007fff7f8fe000 	C:\windows\System32\msvcrt.dll
0x00007fff7f150000 - 0x00007fff7f1ab000 	C:\windows\System32\sechost.dll
0x00007fff7dbe0000 - 0x00007fff7dd04000 	C:\windows\System32\RPCRT4.dll
0x00007fff7d9e0000 - 0x00007fff7db70000 	C:\windows\System32\USER32.dll
0x00007fff7c7b0000 - 0x00007fff7c7d0000 	C:\windows\System32\win32u.dll
0x00007fff7f3e0000 - 0x00007fff7f408000 	C:\windows\System32\GDI32.dll
0x00007fff7d160000 - 0x00007fff7d2f2000 	C:\windows\System32\gdi32full.dll
0x00007fff7d3b0000 - 0x00007fff7d44f000 	C:\windows\System32\msvcp_win.dll
0x00007fff7c630000 - 0x00007fff7c72a000 	C:\windows\System32\ucrtbase.dll
0x00007fff6f5b0000 - 0x00007fff6f819000 	C:\windows\WinSxS\amd64_microsoft.windows.common-controls_6595b64144ccf1df_6.0.17134.345_none_fb429a5930656358\COMCTL32.dll
0x00007fff7f900000 - 0x00007fff7fc23000 	C:\windows\System32\combase.dll
0x00007fff7c730000 - 0x00007fff7c7aa000 	C:\windows\System32\bcryptPrimitives.dll
0x00007fff7f780000 - 0x00007fff7f7ad000 	C:\windows\System32\IMM32.DLL
0x00000000524c0000 - 0x0000000052592000 	C:\Program Files\Android\Android Studio\jre\jre\bin\msvcr100.dll
0x00000000532b0000 - 0x0000000053af1000 	C:\Program Files\Android\Android Studio\jre\jre\bin\server\jvm.dll
0x00007fff7db70000 - 0x00007fff7db78000 	C:\windows\System32\PSAPI.DLL
0x00007fff719a0000 - 0x00007fff719aa000 	C:\windows\SYSTEM32\VERSION.dll
0x00007fff71970000 - 0x00007fff71993000 	C:\windows\SYSTEM32\WINMM.dll
0x00007fff71400000 - 0x00007fff71409000 	C:\windows\SYSTEM32\WSOCK32.dll
0x00007fff7f370000 - 0x00007fff7f3dc000 	C:\windows\System32\WS2_32.dll
0x00007fff71940000 - 0x00007fff7196a000 	C:\windows\SYSTEM32\winmmbase.dll
0x00007fff7d6a0000 - 0x00007fff7d6e9000 	C:\windows\System32\cfgmgr32.dll
0x00007fff6a3e0000 - 0x00007fff6a3ef000 	C:\Program Files\Android\Android Studio\jre\jre\bin\verify.dll
0x00007fff5c6c0000 - 0x00007fff5c6e9000 	C:\Program Files\Android\Android Studio\jre\jre\bin\java.dll
0x00007fff60df0000 - 0x00007fff60e06000 	C:\Program Files\Android\Android Studio\jre\jre\bin\zip.dll
0x00007fff7dd10000 - 0x00007fff7f14f000 	C:\windows\System32\SHELL32.dll
0x00007fff7fd20000 - 0x00007fff7fdc9000 	C:\windows\System32\shcore.dll
0x00007fff7c7d0000 - 0x00007fff7cedd000 	C:\windows\System32\windows.storage.dll
0x00007fff7f410000 - 0x00007fff7f461000 	C:\windows\System32\shlwapi.dll
0x00007fff7c610000 - 0x00007fff7c621000 	C:\windows\System32\kernel.appcore.dll
0x00007fff7c580000 - 0x00007fff7c59f000 	C:\windows\System32\profapi.dll
0x00007fff7c5a0000 - 0x00007fff7c5ec000 	C:\windows\System32\powrprof.dll
0x00007fff7c570000 - 0x00007fff7c57a000 	C:\windows\System32\FLTLIB.DLL
0x00007fff5da00000 - 0x00007fff5da1a000 	C:\Program Files\Android\Android Studio\jre\jre\bin\net.dll
0x00007fff7bdf0000 - 0x00007fff7be56000 	C:\windows\system32\mswsock.dll
0x00007fff5c6a0000 - 0x00007fff5c6b1000 	C:\Program Files\Android\Android Studio\jre\jre\bin\nio.dll
0x00007fff60e10000 - 0x00007fff60e2e000 	C:\Users\harrison_truscott\.gradle\native\25\windows-amd64\native-platform.dll
0x00007fff6a3d0000 - 0x00007fff6a3dd000 	C:\Program Files\Android\Android Studio\jre\jre\bin\management.dll
0x00007fff7bfa0000 - 0x00007fff7bfb7000 	C:\windows\SYSTEM32\CRYPTSP.dll
0x00007fff7b9d0000 - 0x00007fff7ba03000 	C:\windows\system32\rsaenh.dll
0x00007fff7c0d0000 - 0x00007fff7c0f5000 	C:\windows\SYSTEM32\bcrypt.dll
0x00007fff7c470000 - 0x00007fff7c498000 	C:\windows\SYSTEM32\USERENV.dll
0x00007fff7bfc0000 - 0x00007fff7bfcb000 	C:\windows\SYSTEM32\CRYPTBASE.dll
0x00007fff7bb70000 - 0x00007fff7bba8000 	C:\windows\SYSTEM32\IPHLPAPI.DLL
0x00007fff7f650000 - 0x00007fff7f658000 	C:\windows\System32\NSI.dll
0x00007fff78bc0000 - 0x00007fff78bd6000 	C:\windows\SYSTEM32\dhcpcsvc6.DLL
0x00007fff78ba0000 - 0x00007fff78bba000 	C:\windows\SYSTEM32\dhcpcsvc.DLL

VM Arguments:
jvm_args: -XX:+HeapDumpOnOutOfMemoryError -Xmx1024m -Dfile.encoding=windows-1252 -Duser.country=US -Duser.language=en -Duser.variant 
java_command: org.gradle.launcher.daemon.bootstrap.GradleDaemon 4.4
java_class_path (initial): C:\Users\harrison_truscott\.gradle\wrapper\dists\gradle-4.4-all\9br9xq1tocpiv8o6njlyu5op1\gradle-4.4\lib\gradle-launcher-4.4.jar
Launcher Type: SUN_STANDARD

Environment Variables:
PATH=C:\Program Files (x86)\Common Files\Oracle\Java\javapath;C:\Program Files (x86)\Intel\iCLS Client\;C:\Program Files\Intel\iCLS Client\;C:\windows\system32;C:\windows;C:\windows\System32\Wbem;C:\windows\System32\WindowsPowerShell\v1.0\;C:\windows\System32\OpenSSH\;C:\Program Files (x86)\Intel\Intel(R) Management Engine Components\DAL;C:\Program Files\Intel\Intel(R) Management Engine Components\DAL;C:\Program Files (x86)\Intel\Intel(R) Management Engine Components\IPT;C:\Program Files\Intel\Intel(R) Management Engine Components\IPT;C:\Program Files\Intel\WiFi\bin\;C:\Program Files\Common Files\Intel\WirelessCommon\;C:\Users\harrison_truscott\AppData\Local\Microsoft\WindowsApps;C:\Users\harrison_truscott\AppData\Local\GitHubDesktop\bin
USERNAME=harrison_truscott
OS=Windows_NT
PROCESSOR_IDENTIFIER=Intel64 Family 6 Model 142 Stepping 10, GenuineIntel



---------------  S Y S T E M  ---------------

OS: Windows 10.0 , 64 bit Build 17134 (10.0.17134.1)

CPU:total 8 (initial active 8) (4 cores per cpu, 2 threads per core) family 6 model 142 stepping 10, cmov, cx8, fxsr, mmx, sse, sse2, sse3, ssse3, sse4.1, sse4.2, popcnt, avx, avx2, aes, clmul, erms, 3dnowpref, lzcnt, ht, tsc, tscinvbit, bmi1, bmi2, adx

Memory: 4k page, physical 8239568k(301848k free), swap 33405392k(4420k free)

vm_info: OpenJDK 64-Bit Server VM (25.152-b06) for windows-amd64 JRE (1.8.0_152-release-1136-b06), built by "builder" with MS VC++ 10.0 (VS2010)

time: Mon Oct 29 16:44:10 2018
elapsed time: 62 seconds (0d 0h 1m 2s)

